#
# There is insufficient memory for the Java Runtime Environment to continue.
# Native memory allocation (mmap) failed to map 29884416 bytes for committing reserved memory.
# Possible reasons:
#   The system is out of physical RAM or swap space
#   In 32 bit mode, the process size limit was hit
# Possible solutions:
#   Reduce memory load on the system
#   Increase physical memory or swap space
#   Check if swap backing store is full
#   Use 64 bit Java on a 64 bit OS
#   Decrease Java heap size (-Xmx/-Xms)
#   Decrease number of Java threads
#   Decrease Java thread stack sizes (-Xss)
#   Set larger code cache with -XX:ReservedCodeCacheSize=
# This output file may be truncated or incomplete.
#
#  Out of Memory Error (os_linux.cpp:2627), pid=26436, tid=0x00007f638bafa700
#
# JRE version: Java(TM) SE Runtime Environment (8.0_101-b13) (build 1.8.0_101-b13)
# Java VM: Java HotSpot(TM) 64-Bit Server VM (25.101-b13 mixed mode linux-amd64 compressed oops)
# Failed to write core dump. Core dumps have been disabled. To enable core dumping, try "ulimit -c unlimited" before starting Java again
#

---------------  T H R E A D  ---------------

Current thread (0x00007f63a0076800):  VMThread [stack: 0x00007f638b9fa000,0x00007f638bafb000] [id=26446]

Stack: [0x00007f638b9fa000,0x00007f638bafb000],  sp=0x00007f638baf9020,  free space=1020k
Native frames: (J=compiled Java code, j=interpreted, Vv=VM code, C=native code)
V  [libjvm.so+0xac3f0a]  VMError::report_and_die()+0x2ba
V  [libjvm.so+0x4fbf9b]  report_vm_out_of_memory(char const*, int, unsigned long, VMErrorType, char const*)+0x8b
V  [libjvm.so+0x9222d3]  os::Linux::commit_memory_impl(char*, unsigned long, bool)+0x103
V  [libjvm.so+0x922829]  os::pd_commit_memory(char*, unsigned long, unsigned long, bool)+0x29
V  [libjvm.so+0x91cb2a]  os::commit_memory(char*, unsigned long, unsigned long, bool)+0x2a
V  [libjvm.so+0x991053]  PSVirtualSpace::expand_by(unsigned long)+0x53
V  [libjvm.so+0x992458]  PSYoungGen::resize_generation(unsigned long, unsigned long)+0xf8
V  [libjvm.so+0x9915b2]  PSYoungGen::resize(unsigned long, unsigned long)+0x22
V  [libjvm.so+0x98e88b]  PSScavenge::invoke_no_policy()+0xf3b
V  [libjvm.so+0x98f011]  PSScavenge::invoke()+0x41
V  [libjvm.so+0x945fc0]  ParallelScavengeHeap::failed_mem_allocate(unsigned long)+0x70
V  [libjvm.so+0xac5927]  VM_ParallelGCFailedAllocation::doit()+0x97
V  [libjvm.so+0xacd405]  VM_Operation::evaluate()+0x55
V  [libjvm.so+0xacb7da]  VMThread::evaluate_operation(VM_Operation*)+0xba
V  [libjvm.so+0xacbb5e]  VMThread::loop()+0x1ce
V  [libjvm.so+0xacbfd0]  VMThread::run()+0x70
V  [libjvm.so+0x924698]  java_start(Thread*)+0x108

VM_Operation (0x00007f6388d824f0): ParallelGCFailedAllocation, mode: safepoint, requested by thread 0x00007f63a0de0000


---------------  P R O C E S S  ---------------

Java Threads: ( => current thread )
  0x00007f63a0de0000 JavaThread "NioBlockingSelector.BlockPoller-1" daemon [_thread_blocked, id=26474, stack(0x00007f6388c84000,0x00007f6388d85000)]
  0x00007f63a0941000 JavaThread "Abandoned connection cleanup thread" daemon [_thread_blocked, id=26463, stack(0x00007f6388480000,0x00007f6388581000)]
  0x00007f63a0927800 JavaThread "Tomcat JDBC Pool Cleaner[1984697014:1481083153213]" daemon [_thread_blocked, id=26462, stack(0x00007f6388581000,0x00007f6388682000)]
  0x00007f63a0905000 JavaThread "container-0" [_thread_blocked, id=26461, stack(0x00007f6388a82000,0x00007f6388b83000)]
  0x00007f63a0902000 JavaThread "ContainerBackgroundProcessor[StandardEngine[Tomcat]]" daemon [_thread_blocked, id=26460, stack(0x00007f6388b83000,0x00007f6388c84000)]
  0x00007f63a03d0000 JavaThread "RMI TCP Accept-0" daemon [_thread_in_native, id=26455, stack(0x00007f638a2ee000,0x00007f638a3ef000)]
  0x00007f63a03c7800 JavaThread "RMI TCP Accept-43084" daemon [_thread_in_native, id=26454, stack(0x00007f638a3ef000,0x00007f638a4f0000)]
  0x00007f63a03b1800 JavaThread "RMI TCP Accept-0" daemon [_thread_in_native, id=26453, stack(0x00007f638a4f0000,0x00007f638a5f1000)]
  0x00007f63a00bd000 JavaThread "Service Thread" daemon [_thread_blocked, id=26452, stack(0x00007f638b0d4000,0x00007f638b1d5000)]
  0x00007f63a00ba000 JavaThread "C1 CompilerThread1" daemon [_thread_blocked, id=26451, stack(0x00007f638b1d5000,0x00007f638b2d6000)]
  0x00007f63a00b7000 JavaThread "C2 CompilerThread0" daemon [_thread_blocked, id=26450, stack(0x00007f638b2d6000,0x00007f638b3d7000)]
  0x00007f63a00b5800 JavaThread "Signal Dispatcher" daemon [_thread_blocked, id=26449, stack(0x00007f638b3d7000,0x00007f638b4d8000)]
  0x00007f63a0083000 JavaThread "Finalizer" daemon [_thread_blocked, id=26448, stack(0x00007f638b7f8000,0x00007f638b8f9000)]
  0x00007f63a007e000 JavaThread "Reference Handler" daemon [_thread_blocked, id=26447, stack(0x00007f638b8f9000,0x00007f638b9fa000)]
  0x00007f63a000d000 JavaThread "main" [_thread_blocked, id=26443, stack(0x00007f63a97b0000,0x00007f63a98b1000)]

Other Threads:
=>0x00007f63a0076800 VMThread [stack: 0x00007f638b9fa000,0x00007f638bafb000] [id=26446]
  0x00007f63a03d8800 WatcherThread [stack: 0x00007f638a1ed000,0x00007f638a2ee000] [id=26456]

VM state:at safepoint (normal execution)

VM Mutex/Monitor currently owned by a thread:  ([mutex/lock_event])
[0x00007f63a0009090] Threads_lock - owner thread: 0x00007f63a0076800
[0x00007f63a0009590] Heap_lock - owner thread: 0x00007f63a0de0000

Heap:
 PSYoungGen      total 192512K, used 13819K [0x00000000eb700000, 0x00000000f9780000, 0x0000000100000000)
  eden space 178688K, 0% used [0x00000000eb700000,0x00000000eb700000,0x00000000f6580000)
  from space 13824K, 99% used [0x00000000f6580000,0x00000000f72fecc0,0x00000000f7300000)
  to   space 10752K, 0% used [0x00000000f7300000,0x00000000f7300000,0x00000000f7d80000)
 ParOldGen       total 59392K, used 24780K [0x00000000c2400000, 0x00000000c5e00000, 0x00000000eb700000)
  object space 59392K, 41% used [0x00000000c2400000,0x00000000c3c33350,0x00000000c5e00000)
 Metaspace       used 44775K, capacity 45132K, committed 45608K, reserved 1089536K
  class space    used 5803K, capacity 5897K, committed 5928K, reserved 1048576K

Card table byte_map: [0x00007f63a6361000,0x00007f63a6550000] byte_map_base: 0x00007f63a5d4f000

Marking Bits: (ParMarkBitMap*) 0x00007f63a8c78120
 Begin Bits: [0x00007f63a4135000, 0x00007f63a50a5000)
 End Bits:   [0x00007f63a50a5000, 0x00007f63a6015000)

Polling page: 0x00007f63a98c7000

CodeCache: size=245760Kb used=12748Kb max_used=12834Kb free=233011Kb
 bounds [0x00007f6391000000, 0x00007f6391cb0000, 0x00007f63a0000000]
 total_blobs=4334 nmethods=3821 adapters=425
 compilation: enabled

Compilation events (10 events):
Event: 46.439 Thread 0x00007f63a00ba000 4268       2       org.apache.tomcat.util.modeler.ManagedBean::addOperation (17 bytes)
Event: 46.440 Thread 0x00007f63a00ba000 nmethod 4268 0x00007f63911d7d50 code [0x00007f63911d7ec0, 0x00007f63911d8078]
Event: 46.454 Thread 0x00007f63a00ba000 4269       1       org.apache.tomcat.util.modeler.ManagedBean::getType (5 bytes)
Event: 46.454 Thread 0x00007f63a00ba000 nmethod 4269 0x00007f63917a2f10 code [0x00007f63917a3060, 0x00007f63917a3170]
Event: 46.607 Thread 0x00007f63a00ba000 4270  s    2       java.util.Vector::elementAt (48 bytes)
Event: 46.640 Thread 0x00007f63a00ba000 nmethod 4270 0x00007f6391331a90 code [0x00007f6391331c40, 0x00007f6391332208]
Event: 46.664 Thread 0x00007f63a00b7000 nmethod 4248 0x00007f6391c9dd50 code [0x00007f6391c9e480, 0x00007f6391ca2e30]
Event: 46.666 Thread 0x00007f63a00b7000 4256       4       java.util.TreeMap$PrivateEntryIterator::nextEntry (54 bytes)
Event: 46.677 Thread 0x00007f63a00ba000 4272       3       java.util.Locale::getVariant (8 bytes)
Event: 46.677 Thread 0x00007f63a00ba000 nmethod 4272 0x00007f6391702f10 code [0x00007f6391703080, 0x00007f6391703270]

GC Heap History (10 events):
Event: 5.026 GC heap after
Heap after GC invocations=6 (full 1):
 PSYoungGen      total 66048K, used 0K [0x00000000eb700000, 0x00000000f4500000, 0x0000000100000000)
  eden space 63488K, 0% used [0x00000000eb700000,0x00000000eb700000,0x00000000ef500000)
  from space 2560K, 0% used [0x00000000ef500000,0x00000000ef500000,0x00000000ef780000)
  to   space 9216K, 0% used [0x00000000f3c00000,0x00000000f3c00000,0x00000000f4500000)
 ParOldGen       total 38912K, used 11367K [0x00000000c2400000, 0x00000000c4a00000, 0x00000000eb700000)
  object space 38912K, 29% used [0x00000000c2400000,0x00000000c2f19c98,0x00000000c4a00000)
 Metaspace       used 20871K, capacity 21112K, committed 21296K, reserved 1069056K
  class space    used 2549K, capacity 2635K, committed 2688K, reserved 1048576K
}
Event: 5.646 GC heap before
{Heap before GC invocations=7 (full 1):
 PSYoungGen      total 66048K, used 63488K [0x00000000eb700000, 0x00000000f4500000, 0x0000000100000000)
  eden space 63488K, 100% used [0x00000000eb700000,0x00000000ef500000,0x00000000ef500000)
  from space 2560K, 0% used [0x00000000ef500000,0x00000000ef500000,0x00000000ef780000)
  to   space 9216K, 0% used [0x00000000f3c00000,0x00000000f3c00000,0x00000000f4500000)
 ParOldGen       total 38912K, used 11367K [0x00000000c2400000, 0x00000000c4a00000, 0x00000000eb700000)
  object space 38912K, 29% used [0x00000000c2400000,0x00000000c2f19c98,0x00000000c4a00000)
 Metaspace       used 21648K, capacity 21930K, committed 22192K, reserved 1069056K
  class space    used 2653K, capacity 2734K, committed 2816K, reserved 1048576K
Event: 5.666 GC heap after
Heap after GC invocations=7 (full 1):
 PSYoungGen      total 114176K, used 4952K [0x00000000eb700000, 0x00000000f4100000, 0x0000000100000000)
  eden space 109056K, 0% used [0x00000000eb700000,0x00000000eb700000,0x00000000f2180000)
  from space 5120K, 96% used [0x00000000f3c00000,0x00000000f40d6048,0x00000000f4100000)
  to   space 8704K, 0% used [0x00000000f3000000,0x00000000f3000000,0x00000000f3880000)
 ParOldGen       total 38912K, used 11375K [0x00000000c2400000, 0x00000000c4a00000, 0x00000000eb700000)
  object space 38912K, 29% used [0x00000000c2400000,0x00000000c2f1bc98,0x00000000c4a00000)
 Metaspace       used 21648K, capacity 21930K, committed 22192K, reserved 1069056K
  class space    used 2653K, capacity 2734K, committed 2816K, reserved 1048576K
}
Event: 10.699 GC heap before
{Heap before GC invocations=8 (full 1):
 PSYoungGen      total 114176K, used 114008K [0x00000000eb700000, 0x00000000f4100000, 0x0000000100000000)
  eden space 109056K, 100% used [0x00000000eb700000,0x00000000f2180000,0x00000000f2180000)
  from space 5120K, 96% used [0x00000000f3c00000,0x00000000f40d6048,0x00000000f4100000)
  to   space 8704K, 0% used [0x00000000f3000000,0x00000000f3000000,0x00000000f3880000)
 ParOldGen       total 38912K, used 11375K [0x00000000c2400000, 0x00000000c4a00000, 0x00000000eb700000)
  object space 38912K, 29% used [0x00000000c2400000,0x00000000c2f1bc98,0x00000000c4a00000)
 Metaspace       used 27685K, capacity 27998K, committed 28416K, reserved 1075200K
  class space    used 3448K, capacity 3548K, committed 3584K, reserved 1048576K
Event: 10.741 GC heap after
Heap after GC invocations=8 (full 1):
 PSYoungGen      total 132608K, used 8675K [0x00000000eb700000, 0x00000000f7d80000, 0x0000000100000000)
  eden space 123904K, 0% used [0x00000000eb700000,0x00000000eb700000,0x00000000f3000000)
  from space 8704K, 99% used [0x00000000f3000000,0x00000000f3878cf8,0x00000000f3880000)
  to   space 10752K, 0% used [0x00000000f7300000,0x00000000f7300000,0x00000000f7d80000)
 ParOldGen       total 38912K, used 12985K [0x00000000c2400000, 0x00000000c4a00000, 0x00000000eb700000)
  object space 38912K, 33% used [0x00000000c2400000,0x00000000c30ae770,0x00000000c4a00000)
 Metaspace       used 27685K, capacity 27998K, committed 28416K, reserved 1075200K
  class space    used 3448K, capacity 3548K, committed 3584K, reserved 1048576K
}
Event: 14.940 GC heap before
{Heap before GC invocations=9 (full 1):
 PSYoungGen      total 132608K, used 119968K [0x00000000eb700000, 0x00000000f7d80000, 0x0000000100000000)
  eden space 123904K, 89% used [0x00000000eb700000,0x00000000f23af460,0x00000000f3000000)
  from space 8704K, 99% used [0x00000000f3000000,0x00000000f3878cf8,0x00000000f3880000)
  to   space 10752K, 0% used [0x00000000f7300000,0x00000000f7300000,0x00000000f7d80000)
 ParOldGen       total 38912K, used 12985K [0x00000000c2400000, 0x00000000c4a00000, 0x00000000eb700000)
  object space 38912K, 33% used [0x00000000c2400000,0x00000000c30ae770,0x00000000c4a00000)
 Metaspace       used 34973K, capacity 35260K, committed 35496K, reserved 1081344K
  class space    used 4413K, capacity 4513K, committed 4520K, reserved 1048576K
Event: 14.984 GC heap after
Heap after GC invocations=9 (full 1):
 PSYoungGen      total 189440K, used 10743K [0x00000000eb700000, 0x00000000f9780000, 0x0000000100000000)
  eden space 178688K, 0% used [0x00000000eb700000,0x00000000eb700000,0x00000000f6580000)
  from space 10752K, 99% used [0x00000000f7300000,0x00000000f7d7dc20,0x00000000f7d80000)
  to   space 13824K, 0% used [0x00000000f6580000,0x00000000f6580000,0x00000000f7300000)
 ParOldGen       total 38912K, used 15747K [0x00000000c2400000, 0x00000000c4a00000, 0x00000000eb700000)
  object space 38912K, 40% used [0x00000000c2400000,0x00000000c3360dc8,0x00000000c4a00000)
 Metaspace       used 34973K, capacity 35260K, committed 35496K, reserved 1081344K
  class space    used 4413K, capacity 4513K, committed 4520K, reserved 1048576K
}
Event: 14.984 GC heap before
{Heap before GC invocations=10 (full 2):
 PSYoungGen      total 189440K, used 10743K [0x00000000eb700000, 0x00000000f9780000, 0x0000000100000000)
  eden space 178688K, 0% used [0x00000000eb700000,0x00000000eb700000,0x00000000f6580000)
  from space 10752K, 99% used [0x00000000f7300000,0x00000000f7d7dc20,0x00000000f7d80000)
  to   space 13824K, 0% used [0x00000000f6580000,0x00000000f6580000,0x00000000f7300000)
 ParOldGen       total 38912K, used 15747K [0x00000000c2400000, 0x00000000c4a00000, 0x00000000eb700000)
  object space 38912K, 40% used [0x00000000c2400000,0x00000000c3360dc8,0x00000000c4a00000)
 Metaspace       used 34973K, capacity 35260K, committed 35496K, reserved 1081344K
  class space    used 4413K, capacity 4513K, committed 4520K, reserved 1048576K
Event: 15.311 GC heap after
Heap after GC invocations=10 (full 2):
 PSYoungGen      total 189440K, used 0K [0x00000000eb700000, 0x00000000f9780000, 0x0000000100000000)
  eden space 178688K, 0% used [0x00000000eb700000,0x00000000eb700000,0x00000000f6580000)
  from space 10752K, 0% used [0x00000000f7300000,0x00000000f7300000,0x00000000f7d80000)
  to   space 13824K, 0% used [0x00000000f6580000,0x00000000f6580000,0x00000000f7300000)
 ParOldGen       total 59392K, used 22082K [0x00000000c2400000, 0x00000000c5e00000, 0x00000000eb700000)
  object space 59392K, 37% used [0x00000000c2400000,0x00000000c39908b0,0x00000000c5e00000)
 Metaspace       used 34973K, capacity 35260K, committed 35496K, reserved 1081344K
  class space    used 4413K, capacity 4513K, committed 4520K, reserved 1048576K
}
Event: 46.684 GC heap before
{Heap before GC invocations=11 (full 2):
 PSYoungGen      total 189440K, used 178688K [0x00000000eb700000, 0x00000000f9780000, 0x0000000100000000)
  eden space 178688K, 100% used [0x00000000eb700000,0x00000000f6580000,0x00000000f6580000)
  from space 10752K, 0% used [0x00000000f7300000,0x00000000f7300000,0x00000000f7d80000)
  to   space 13824K, 0% used [0x00000000f6580000,0x00000000f6580000,0x00000000f7300000)
 ParOldGen       total 59392K, used 22082K [0x00000000c2400000, 0x00000000c5e00000, 0x00000000eb700000)
  object space 59392K, 37% used [0x00000000c2400000,0x00000000c39908b0,0x00000000c5e00000)
 Metaspace       used 44775K, capacity 45132K, committed 45608K, reserved 1089536K
  class space    used 5803K, capacity 5897K, committed 5928K, reserved 1048576K

Deoptimization events (10 events):
Event: 20.988 Thread 0x00007f63a000d000 Uncommon trap: reason=bimorphic action=maybe_recompile pc=0x00007f63919eb2a0 method=java.util.concurrent.ConcurrentHashMap.putVal(Ljava/lang/Object;Ljava/lang/Object;Z)Ljava/lang/Object; @ 192
Event: 21.416 Thread 0x00007f63a000d000 Uncommon trap: reason=bimorphic action=maybe_recompile pc=0x00007f63919b04b0 method=java.util.regex.Pattern$Curly.match0(Ljava/util/regex/Matcher;IILjava/lang/CharSequence;)Z @ 77
Event: 21.416 Thread 0x00007f63a000d000 Uncommon trap: reason=bimorphic action=maybe_recompile pc=0x00007f63919b04b0 method=java.util.regex.Pattern$Curly.match0(Ljava/util/regex/Matcher;IILjava/lang/CharSequence;)Z @ 77
Event: 21.451 Thread 0x00007f63a000d000 Uncommon trap: reason=bimorphic action=maybe_recompile pc=0x00007f63919b04b0 method=java.util.regex.Pattern$Curly.match0(Ljava/util/regex/Matcher;IILjava/lang/CharSequence;)Z @ 77
Event: 21.634 Thread 0x00007f63a000d000 Uncommon trap: reason=unstable_if action=reinterpret pc=0x00007f6391adcbf8 method=java.util.concurrent.ConcurrentHashMap.putVal(Ljava/lang/Object;Ljava/lang/Object;Z)Ljava/lang/Object; @ 331
Event: 21.645 Thread 0x00007f63a000d000 Uncommon trap: reason=unstable_if action=reinterpret pc=0x00007f639130c474 method=java.util.concurrent.ConcurrentHashMap.get(Ljava/lang/Object;)Ljava/lang/Object; @ 86
Event: 21.741 Thread 0x00007f63a000d000 Uncommon trap: reason=unstable_if action=reinterpret pc=0x00007f6391a5c390 method=java.util.concurrent.ConcurrentHashMap.transfer([Ljava/util/concurrent/ConcurrentHashMap$Node;[Ljava/util/concurrent/ConcurrentHashMap$Node;)V @ 356
Event: 21.745 Thread 0x00007f63a000d000 Uncommon trap: reason=unstable_if action=reinterpret pc=0x00007f639127ce80 method=java.util.concurrent.ConcurrentHashMap.transfer([Ljava/util/concurrent/ConcurrentHashMap$Node;[Ljava/util/concurrent/ConcurrentHashMap$Node;)V @ 356
Event: 21.867 Thread 0x00007f63a000d000 Uncommon trap: reason=unstable_if action=reinterpret pc=0x00007f63914cb9ec method=java.util.WeakHashMap.put(Ljava/lang/Object;Ljava/lang/Object;)Ljava/lang/Object; @ 47
Event: 46.122 Thread 0x00007f63a000d000 Uncommon trap: reason=unstable_if action=reinterpret pc=0x00007f63911562f4 method=org.springframework.util.ConcurrentReferenceHashMap$Segment.clear()V @ 4

Internal exceptions (10 events):
Event: 44.791 Thread 0x00007f63a000d000 Exception <a 'java/lang/ClassNotFoundException': java/lang/ObjectCustomizer> (0x00000000f53403f8) thrown at [/HUDSON3/workspace/8-2-build-linux-amd64/jdk8u101/7261/hotspot/src/share/vm/classfile/systemDictionary.cpp, line 210]
Event: 44.801 Thread 0x00007f63a000d000 Exception <a 'java/lang/ClassNotFoundException': org/springframework/boot/autoconfigure/web/WebClientAutoConfiguration$RestTemplateConfigurationCustomizer> (0x00000000f535b978) thrown at [/HUDSON3/workspace/8-2-build-linux-amd64/jdk8u101/7261/hotspot/src/
Event: 44.803 Thread 0x00007f63a000d000 Exception <a 'java/lang/ClassNotFoundException': org/springframework/boot/autoconfigure/web/WebClientAutoConfiguration$RestTemplateConfiguration$$EnhancerBySpringCGLIB$$b586470aCustomizer> (0x00000000f537abd0) thrown at [/HUDSON3/workspace/8-2-build-linux
Event: 44.804 Thread 0x00007f63a000d000 Exception <a 'java/lang/ClassNotFoundException': org/springframework/context/annotation/ConfigurationClassEnhancer$EnhancedConfigurationCustomizer> (0x00000000f5398510) thrown at [/HUDSON3/workspace/8-2-build-linux-amd64/jdk8u101/7261/hotspot/src/share/vm
Event: 45.085 Thread 0x00007f63a000d000 Exception <a 'java/lang/ClassNotFoundException': org/springframework/boot/web/client/RestTemplateBuilderBeanInfo> (0x00000000f551b0f0) thrown at [/HUDSON3/workspace/8-2-build-linux-amd64/jdk8u101/7261/hotspot/src/share/vm/classfile/systemDictionary.cpp, l
Event: 45.086 Thread 0x00007f63a000d000 Exception <a 'java/lang/ClassNotFoundException': org/springframework/boot/web/client/RestTemplateBuilderCustomizer> (0x00000000f552b7c0) thrown at [/HUDSON3/workspace/8-2-build-linux-amd64/jdk8u101/7261/hotspot/src/share/vm/classfile/systemDictionary.cpp,
Event: 45.153 Thread 0x00007f63a000d000 Exception <a 'java/lang/ClassNotFoundException': java/lang/ObjectCustomizer> (0x00000000f5560018) thrown at [/HUDSON3/workspace/8-2-build-linux-amd64/jdk8u101/7261/hotspot/src/share/vm/classfile/systemDictionary.cpp, line 210]
Event: 45.153 Thread 0x00007f63a000d000 Exception <a 'java/lang/ClassNotFoundException': org/springframework/boot/autoconfigure/web/WebClientAutoConfigurationCustomizer> (0x00000000f5576d90) thrown at [/HUDSON3/workspace/8-2-build-linux-amd64/jdk8u101/7261/hotspot/src/share/vm/classfile/systemD
Event: 45.154 Thread 0x00007f63a000d000 Exception <a 'java/lang/ClassNotFoundException': org/springframework/boot/autoconfigure/web/WebClientAutoConfiguration$$EnhancerBySpringCGLIB$$bef5f4a6Customizer> (0x00000000f55911a0) thrown at [/HUDSON3/workspace/8-2-build-linux-amd64/jdk8u101/7261/hotsp
Event: 45.155 Thread 0x00007f63a000d000 Exception <a 'java/lang/ClassNotFoundException': org/springframework/context/annotation/ConfigurationClassEnhancer$EnhancedConfigurationCustomizer> (0x00000000f55ad578) thrown at [/HUDSON3/workspace/8-2-build-linux-amd64/jdk8u101/7261/hotspot/src/share/vm

Events (10 events):
Event: 46.674 loading class org/apache/tomcat/util/threads/ThreadPoolExecutor done
Event: 46.674 loading class org/apache/tomcat/util/threads/StopPooledThreadException
Event: 46.674 loading class org/apache/tomcat/util/threads/StopPooledThreadException done
Event: 46.676 loading class org/apache/tomcat/util/threads/res/LocalStrings
Event: 46.676 loading class org/apache/tomcat/util/threads/res/LocalStrings done
Event: 46.677 loading class org/apache/tomcat/util/threads/res/LocalStrings_en
Event: 46.677 loading class org/apache/tomcat/util/threads/res/LocalStrings_en done
Event: 46.677 loading class org/apache/tomcat/util/threads/res/LocalStrings_en_US
Event: 46.677 loading class org/apache/tomcat/util/threads/res/LocalStrings_en_US done
Event: 46.678 Executing VM operation: ParallelGCFailedAllocation


Dynamic libraries:
00400000-00401000 r-xp 00000000 fc:00 3685279                            /usr/lib/jvm/java-8-oracle/bin/java
00600000-00601000 rw-p 00000000 fc:00 3685279                            /usr/lib/jvm/java-8-oracle/bin/java
016d6000-01999000 rw-p 00000000 00:00 0                                  [heap]
c2400000-c5e00000 rw-p 00000000 00:00 0 
c5e00000-eb700000 ---p 00000000 00:00 0 
eb700000-f9780000 rw-p 00000000 00:00 0 
fb400000-100000000 ---p 00000000 00:00 0 
100000000-1005ca000 rw-p 00000000 00:00 0 
1005ca000-140000000 ---p 00000000 00:00 0 
7f6350000000-7f6350181000 rw-p 00000000 00:00 0 
7f6350181000-7f6354000000 ---p 00000000 00:00 0 
7f6357a00000-7f6357ac0000 rw-p 00000000 00:00 0 
7f6357ac0000-7f6357c00000 ---p 00000000 00:00 0 
7f6357c00000-7f6357e00000 rw-p 00000000 00:00 0 
7f6357e00000-7f6358000000 rw-p 00000000 00:00 0 
7f6358000000-7f6358021000 rw-p 00000000 00:00 0 
7f6358021000-7f635c000000 ---p 00000000 00:00 0 
7f635c000000-7f635c021000 rw-p 00000000 00:00 0 
7f635c021000-7f6360000000 ---p 00000000 00:00 0 
7f6360000000-7f6360021000 rw-p 00000000 00:00 0 
7f6360021000-7f6364000000 ---p 00000000 00:00 0 
7f6364000000-7f6364021000 rw-p 00000000 00:00 0 
7f6364021000-7f6368000000 ---p 00000000 00:00 0 
7f6368000000-7f6369121000 rw-p 00000000 00:00 0 
7f6369121000-7f636c000000 ---p 00000000 00:00 0 
7f636c000000-7f636c021000 rw-p 00000000 00:00 0 
7f636c021000-7f6370000000 ---p 00000000 00:00 0 
7f6370000000-7f6370021000 rw-p 00000000 00:00 0 
7f6370021000-7f6374000000 ---p 00000000 00:00 0 
7f6374000000-7f63759cb000 rw-p 00000000 00:00 0 
7f63759cb000-7f6378000000 ---p 00000000 00:00 0 
7f6378000000-7f6378021000 rw-p 00000000 00:00 0 
7f6378021000-7f637c000000 ---p 00000000 00:00 0 
7f637c000000-7f637c021000 rw-p 00000000 00:00 0 
7f637c021000-7f6380000000 ---p 00000000 00:00 0 
7f6380000000-7f638028e000 rw-p 00000000 00:00 0 
7f638028e000-7f6384000000 ---p 00000000 00:00 0 
7f6384000000-7f6384028000 rw-p 00000000 00:00 0 
7f6384028000-7f6388000000 ---p 00000000 00:00 0 
7f6388080000-7f6388280000 rw-p 00000000 00:00 0 
7f6388280000-7f6388480000 rw-p 00000000 00:00 0 
7f6388480000-7f6388483000 ---p 00000000 00:00 0 
7f6388483000-7f6388581000 rw-p 00000000 00:00 0 
7f6388581000-7f6388584000 ---p 00000000 00:00 0 
7f6388584000-7f6388882000 rw-p 00000000 00:00 0 
7f6388882000-7f6388a82000 rw-p 00000000 00:00 0 
7f6388a82000-7f6388a85000 ---p 00000000 00:00 0 
7f6388a85000-7f6388b83000 rw-p 00000000 00:00 0 
7f6388b83000-7f6388b86000 ---p 00000000 00:00 0 
7f6388b86000-7f6388c84000 rw-p 00000000 00:00 0 
7f6388c84000-7f6388c87000 ---p 00000000 00:00 0 
7f6388c87000-7f6388f85000 rw-p 00000000 00:00 0 
7f638903e000-7f638923e000 rw-p 00000000 00:00 0 
7f638923e000-7f6389251000 r--s 00345000 fc:00 3809027                    /usr/lib/jvm/java-8-oracle/jre/lib/resources.jar
7f6389251000-7f6389451000 rw-p 00000000 00:00 0 
7f6389451000-7f6389651000 rw-p 00000000 00:00 0 
7f6389651000-7f63896e7000 r--s 01102000 fc:00 4590519                    /usr/lib/jvm/java-8-oracle/jre/lib/ext/jfxrt.jar
7f63896e7000-7f63898e7000 rw-p 00000000 00:00 0 
7f63898e7000-7f6389ae7000 rw-p 00000000 00:00 0 
7f6389ae7000-7f6389aec000 r--s 002f9000 fc:00 3809003                    /usr/lib/jvm/java-8-oracle/jre/lib/charsets.jar
7f6389aec000-7f6389cec000 rw-p 00000000 00:00 0 
7f6389cec000-7f6389cef000 ---p 00000000 00:00 0 
7f6389cef000-7f6389fed000 rw-p 00000000 00:00 0 
7f6389fed000-7f638a1ed000 rw-p 00000000 00:00 0 
7f638a1ed000-7f638a1ee000 ---p 00000000 00:00 0 
7f638a1ee000-7f638a2ee000 rw-p 00000000 00:00 0 
7f638a2ee000-7f638a2f1000 ---p 00000000 00:00 0 
7f638a2f1000-7f638a3ef000 rw-p 00000000 00:00 0 
7f638a3ef000-7f638a3f2000 ---p 00000000 00:00 0 
7f638a3f2000-7f638a4f0000 rw-p 00000000 00:00 0 
7f638a4f0000-7f638a4f3000 ---p 00000000 00:00 0 
7f638a4f3000-7f638a5f1000 rw-p 00000000 00:00 0 
7f638a5f1000-7f638a5f5000 r--s 00097000 fc:00 3809002                    /usr/lib/jvm/java-8-oracle/jre/lib/jsse.jar
7f638a5f5000-7f638a60b000 r--s 000fa000 fc:00 1050077                    /home/tiw/.m2/repository/org/springframework/spring-core/4.3.4.RELEASE/spring-core-4.3.4.RELEASE.jar
7f638a60b000-7f638a60e000 r--s 0000c000 fc:00 1181188                    /home/tiw/.m2/repository/org/springframework/spring-aspects/4.3.4.RELEASE/spring-aspects-4.3.4.RELEASE.jar
7f638a60e000-7f638a610000 r--s 00003000 fc:00 1049975                    /home/tiw/.m2/repository/org/slf4j/jcl-over-slf4j/1.7.21/jcl-over-slf4j-1.7.21.jar
7f638a610000-7f638a612000 r--s 00009000 fc:00 921650                     /home/tiw/.m2/repository/org/slf4j/slf4j-api/1.7.21/slf4j-api-1.7.21.jar
7f638a612000-7f638a61a000 r--s 0003a000 fc:00 1181186                    /home/tiw/.m2/repository/org/springframework/spring-tx/4.3.4.RELEASE/spring-tx-4.3.4.RELEASE.jar
7f638a61a000-7f638a624000 r--s 0006b000 fc:00 1181184                    /home/tiw/.m2/repository/org/springframework/spring-orm/4.3.4.RELEASE/spring-orm-4.3.4.RELEASE.jar
7f638a624000-7f638a635000 r--s 00099000 fc:00 1050133                    /home/tiw/.m2/repository/org/springframework/data/spring-data-commons/1.12.5.RELEASE/spring-data-commons-1.12.5.RELEASE.jar
7f638a635000-7f638a63c000 r--s 0003e000 fc:00 1050131                    /home/tiw/.m2/repository/org/springframework/data/spring-data-jpa/1.10.5.RELEASE/spring-data-jpa-1.10.5.RELEASE.jar
7f638a63c000-7f638a63e000 r--s 00006000 fc:00 1050129                    /home/tiw/.m2/repository/javax/transaction/javax.transaction-api/1.2/javax.transaction-api-1.2.jar
7f638a63e000-7f638a64b000 r--s 00089000 fc:00 1181182                    /home/tiw/.m2/repository/org/hibernate/hibernate-entitymanager/5.0.11.Final/hibernate-entitymanager-5.0.11.Final.jar
7f638a64b000-7f638a64e000 r--s 00010000 fc:00 1181180                    /home/tiw/.m2/repository/org/hibernate/common/hibernate-commons-annotations/5.0.1.Final/hibernate-commons-annotations-5.0.1.Final.jar
7f638a64e000-7f638a657000 r--s 0002d000 fc:00 922974                     /home/tiw/.m2/repository/xml-apis/xml-apis/1.4.01/xml-apis-1.4.01.jar
7f638a657000-7f638a65c000 r--s 00048000 fc:00 919126                     /home/tiw/.m2/repository/dom4j/dom4j/1.6.1/dom4j-1.6.1.jar
7f638a65c000-7f638a65f000 r--s 0002b000 fc:00 1181178                    /home/tiw/.m2/repository/org/jboss/jandex/2.0.0.Final/jandex-2.0.0.Final.jar
7f638a65f000-7f638a664000 r--s 00068000 fc:00 919211                     /home/tiw/.m2/repository/antlr/antlr/2.7.7/antlr-2.7.7.jar
7f638a664000-7f638a66e000 r--s 000ae000 fc:00 1181176                    /home/tiw/.m2/repository/org/javassist/javassist/3.20.0-GA/javassist-3.20.0-GA.jar
7f638a66e000-7f638a673000 r--s 00017000 fc:00 1181174                    /home/tiw/.m2/repository/org/hibernate/javax/persistence/hibernate-jpa-2.1-api/1.0.0.Final/hibernate-jpa-2.1-api-1.0.0.Final.jar
7f638a673000-7f638a6dc000 r--s 004f3000 fc:00 1181172                    /home/tiw/.m2/repository/org/hibernate/hibernate-core/5.0.11.Final/hibernate-core-5.0.11.Final.jar
7f638a6dc000-7f638a6e6000 r--s 0005f000 fc:00 1181170                    /home/tiw/.m2/repository/org/springframework/spring-jdbc/4.3.4.RELEASE/spring-jdbc-4.3.4.RELEASE.jar
7f638a6e6000-7f638a6e8000 r--s 00009000 fc:00 1050111                    /home/tiw/.m2/repository/org/apache/tomcat/tomcat-juli/8.5.6/tomcat-juli-8.5.6.jar
7f638a6e8000-7f638a701000 r--s 001af000 fc:00 1181166                    /home/tiw/.m2/repository/org/aspectj/aspectjweaver/1.8.9/aspectjweaver-1.8.9.jar
7f638a701000-7f638a723000 r--s 00120000 fc:00 919673                     /home/tiw/.m2/repository/javax/javaee-web-api/7.0/javaee-web-api-7.0.jar
7f638a723000-7f638a72c000 r--s 000e9000 fc:00 1182737                    /home/tiw/.m2/repository/mysql/mysql-connector-java/5.1.40/mysql-connector-java-5.1.40.jar
7f638a72c000-7f638a73e000 r--s 000ce000 fc:00 1179863                    /home/tiw/.m2/repository/org/springframework/spring-webmvc/4.3.4.RELEASE/spring-webmvc-4.3.4.RELEASE.jar
7f638a73e000-7f638a758000 r--s 000fc000 fc:00 1050068                    /home/tiw/.m2/repository/org/springframework/spring-context/4.3.4.RELEASE/spring-context-4.3.4.RELEASE.jar
7f638a758000-7f638a766000 r--s 000ac000 fc:00 1050062                    /home/tiw/.m2/repository/org/springframework/spring-beans/4.3.4.RELEASE/spring-beans-4.3.4.RELEASE.jar
7f638a766000-7f638a76f000 r--s 00054000 fc:00 1050060                    /home/tiw/.m2/repository/org/springframework/spring-aop/4.3.4.RELEASE/spring-aop-4.3.4.RELEASE.jar
7f638a76f000-7f638a780000 r--s 000b6000 fc:00 1179861                    /home/tiw/.m2/repository/org/springframework/spring-web/4.3.4.RELEASE/spring-web-4.3.4.RELEASE.jar
7f638a780000-7f638a792000 r--s 0011c000 fc:00 1179855                    /home/tiw/.m2/repository/com/fasterxml/jackson/core/jackson-databind/2.8.4/jackson-databind-2.8.4.jar
7f638a792000-7f638a7a2000 r--s 0009c000 fc:00 1179847                    /home/tiw/.m2/repository/org/hibernate/hibernate-validator/5.2.4.Final/hibernate-validator-5.2.4.Final.jar
7f638a7a2000-7f638a7b3000 r-xp 00000000 fc:00 4590475                    /usr/lib/jvm/java-8-oracle/jre/lib/amd64/libnio.so
7f638a7b3000-7f638a9b2000 ---p 00011000 fc:00 4590475                    /usr/lib/jvm/java-8-oracle/jre/lib/amd64/libnio.so
7f638a9b2000-7f638a9b3000 rw-p 00010000 fc:00 4590475                    /usr/lib/jvm/java-8-oracle/jre/lib/amd64/libnio.so
7f638a9b3000-7f638acb4000 rw-p 00000000 00:00 0 
7f638acb4000-7f638acca000 r-xp 00000000 fc:00 4590452                    /usr/lib/jvm/java-8-oracle/jre/lib/amd64/libnet.so
7f638acca000-7f638aeca000 ---p 00016000 fc:00 4590452                    /usr/lib/jvm/java-8-oracle/jre/lib/amd64/libnet.so
7f638aeca000-7f638aecb000 rw-p 00016000 fc:00 4590452                    /usr/lib/jvm/java-8-oracle/jre/lib/amd64/libnet.so
7f638aecb000-7f638aed4000 r-xp 00000000 fc:00 4590486                    /usr/lib/jvm/java-8-oracle/jre/lib/amd64/libmanagement.so
7f638aed4000-7f638b0d3000 ---p 00009000 fc:00 4590486                    /usr/lib/jvm/java-8-oracle/jre/lib/amd64/libmanagement.so
7f638b0d3000-7f638b0d4000 rw-p 00008000 fc:00 4590486                    /usr/lib/jvm/java-8-oracle/jre/lib/amd64/libmanagement.so
7f638b0d4000-7f638b0d7000 ---p 00000000 00:00 0 
7f638b0d7000-7f638b1d5000 rw-p 00000000 00:00 0 
7f638b1d5000-7f638b1d8000 ---p 00000000 00:00 0 
7f638b1d8000-7f638b2d6000 rw-p 00000000 00:00 0 
7f638b2d6000-7f638b2d9000 ---p 00000000 00:00 0 
7f638b2d9000-7f638b3d7000 rw-p 00000000 00:00 0 
7f638b3d7000-7f638b3da000 ---p 00000000 00:00 0 
7f638b3da000-7f638b4d8000 rw-p 00000000 00:00 0 
7f638b4d8000-7f638b7f8000 r--p 00000000 fc:00 3543914                    /usr/lib/locale/locale-archive
7f638b7f8000-7f638b7fb000 ---p 00000000 00:00 0 
7f638b7fb000-7f638b8f9000 rw-p 00000000 00:00 0 
7f638b8f9000-7f638b8fc000 ---p 00000000 00:00 0 
7f638b8fc000-7f638b9fa000 rw-p 00000000 00:00 0 
7f638b9fa000-7f638b9fb000 ---p 00000000 00:00 0 
7f638b9fb000-7f638c000000 rw-p 00000000 00:00 0 
7f638c000000-7f638c021000 rw-p 00000000 00:00 0 
7f638c021000-7f6390000000 ---p 00000000 00:00 0 
7f6390000000-7f6390003000 r--s 00020000 fc:00 1048829                    /home/tiw/.m2/repository/org/apache/tomcat/tomcat-jdbc/8.5.6/tomcat-jdbc-8.5.6.jar
7f6390003000-7f6390008000 r--s 0003c000 fc:00 1050070                    /home/tiw/.m2/repository/org/springframework/spring-expression/4.3.4.RELEASE/spring-expression-4.3.4.RELEASE.jar
7f6390008000-7f639000c000 r--s 00041000 fc:00 1179859                    /home/tiw/.m2/repository/com/fasterxml/jackson/core/jackson-core/2.8.4/jackson-core-2.8.4.jar
7f639000c000-7f6390035000 r--s 002b2000 fc:00 1050021                    /home/tiw/.m2/repository/org/apache/tomcat/embed/tomcat-embed-core/8.5.6/tomcat-embed-core-8.5.6.jar
7f6390035000-7f6390439000 rw-p 00000000 00:00 0 
7f6390439000-7f6390612000 r--s 03d29000 fc:00 3809007                    /usr/lib/jvm/java-8-oracle/jre/lib/rt.jar
7f6390612000-7f6391000000 rw-p 00000000 00:00 0 
7f6391000000-7f6391cb0000 rwxp 00000000 00:00 0 
7f6391cb0000-7f63a0000000 ---p 00000000 00:00 0 
7f63a0000000-7f63a1029000 rw-p 00000000 00:00 0 
7f63a1029000-7f63a4000000 ---p 00000000 00:00 0 
7f63a4000000-7f63a4001000 r--s 00000000 fc:00 1181168                    /home/tiw/.m2/repository/org/springframework/boot/spring-boot-starter-jdbc/1.4.2.RELEASE/spring-boot-starter-jdbc-1.4.2.RELEASE.jar
7f63a4001000-7f63a4002000 r--s 00000000 fc:00 1181164                    /home/tiw/.m2/repository/org/springframework/boot/spring-boot-starter-aop/1.4.2.RELEASE/spring-boot-starter-aop-1.4.2.RELEASE.jar
7f63a4002000-7f63a4005000 r--s 0000b000 fc:00 1179857                    /home/tiw/.m2/repository/com/fasterxml/jackson/core/jackson-annotations/2.8.4/jackson-annotations-2.8.4.jar
7f63a4005000-7f63a4007000 r--s 0000e000 fc:00 1179853                    /home/tiw/.m2/repository/com/fasterxml/classmate/1.3.3/classmate-1.3.3.jar
7f63a4007000-7f63a4009000 r--s 0000f000 fc:00 1179851                    /home/tiw/.m2/repository/org/jboss/logging/jboss-logging/3.3.0.Final/jboss-logging-3.3.0.Final.jar
7f63a4009000-7f63a400d000 r--s 0000c000 fc:00 1179849                    /home/tiw/.m2/repository/javax/validation/validation-api/1.1.0.Final/validation-api-1.1.0.Final.jar
7f63a400d000-7f63a4012000 r--s 00036000 fc:00 1050057                    /home/tiw/.m2/repository/org/apache/tomcat/embed/tomcat-embed-websocket/8.5.6/tomcat-embed-websocket-8.5.6.jar
7f63a4012000-7f63a4018000 r--s 0003d000 fc:00 1050016                    /home/tiw/.m2/repository/org/yaml/snakeyaml/1.17/snakeyaml-1.17.jar
7f63a4018000-7f63a4022000 r--s 00069000 fc:00 1049945                    /home/tiw/.m2/repository/ch/qos/logback/logback-core/1.1.7/logback-core-1.1.7.jar
7f63a4022000-7f63a403f000 r--s 000d0000 fc:00 1049937                    /home/tiw/.m2/repository/org/springframework/boot/spring-boot-autoconfigure/1.4.2.RELEASE/spring-boot-autoconfigure-1.4.2.RELEASE.jar
7f63a403f000-7f63a404f000 r--s 00091000 fc:00 1049933                    /home/tiw/.m2/repository/org/springframework/boot/spring-boot/1.4.2.RELEASE/spring-boot-1.4.2.RELEASE.jar
7f63a404f000-7f63a6015000 rw-p 00000000 00:00 0 
7f63a6015000-7f63a6016000 ---p 00000000 00:00 0 
7f63a6016000-7f63a6116000 rw-p 00000000 00:00 0 
7f63a6116000-7f63a6117000 ---p 00000000 00:00 0 
7f63a6117000-7f63a6234000 rw-p 00000000 00:00 0 
7f63a6234000-7f63a6361000 ---p 00000000 00:00 0 
7f63a6361000-7f63a637e000 rw-p 00000000 00:00 0 
7f63a637e000-7f63a64aa000 ---p 00000000 00:00 0 
7f63a64aa000-7f63a651b000 rw-p 00000000 00:00 0 
7f63a651b000-7f63a654f000 ---p 00000000 00:00 0 
7f63a654f000-7f63a6583000 rw-p 00000000 00:00 0 
7f63a6583000-7f63a6910000 ---p 00000000 00:00 0 
7f63a6910000-7f63a692a000 r-xp 00000000 fc:00 4590473                    /usr/lib/jvm/java-8-oracle/jre/lib/amd64/libzip.so
7f63a692a000-7f63a6b2a000 ---p 0001a000 fc:00 4590473                    /usr/lib/jvm/java-8-oracle/jre/lib/amd64/libzip.so
7f63a6b2a000-7f63a6b2b000 rw-p 0001a000 fc:00 4590473                    /usr/lib/jvm/java-8-oracle/jre/lib/amd64/libzip.so
7f63a6b2b000-7f63a6b36000 r-xp 00000000 fc:00 4325949                    /lib/x86_64-linux-gnu/libnss_files-2.23.so
7f63a6b36000-7f63a6d35000 ---p 0000b000 fc:00 4325949                    /lib/x86_64-linux-gnu/libnss_files-2.23.so
7f63a6d35000-7f63a6d36000 r--p 0000a000 fc:00 4325949                    /lib/x86_64-linux-gnu/libnss_files-2.23.so
7f63a6d36000-7f63a6d37000 rw-p 0000b000 fc:00 4325949                    /lib/x86_64-linux-gnu/libnss_files-2.23.so
7f63a6d37000-7f63a6d3d000 rw-p 00000000 00:00 0 
7f63a6d3d000-7f63a6d48000 r-xp 00000000 fc:00 4325953                    /lib/x86_64-linux-gnu/libnss_nis-2.23.so
7f63a6d48000-7f63a6f47000 ---p 0000b000 fc:00 4325953                    /lib/x86_64-linux-gnu/libnss_nis-2.23.so
7f63a6f47000-7f63a6f48000 r--p 0000a000 fc:00 4325953                    /lib/x86_64-linux-gnu/libnss_nis-2.23.so
7f63a6f48000-7f63a6f49000 rw-p 0000b000 fc:00 4325953                    /lib/x86_64-linux-gnu/libnss_nis-2.23.so
7f63a6f49000-7f63a6f5f000 r-xp 00000000 fc:00 4325943                    /lib/x86_64-linux-gnu/libnsl-2.23.so
7f63a6f5f000-7f63a715e000 ---p 00016000 fc:00 4325943                    /lib/x86_64-linux-gnu/libnsl-2.23.so
7f63a715e000-7f63a715f000 r--p 00015000 fc:00 4325943                    /lib/x86_64-linux-gnu/libnsl-2.23.so
7f63a715f000-7f63a7160000 rw-p 00016000 fc:00 4325943                    /lib/x86_64-linux-gnu/libnsl-2.23.so
7f63a7160000-7f63a7162000 rw-p 00000000 00:00 0 
7f63a7162000-7f63a716a000 r-xp 00000000 fc:00 4325945                    /lib/x86_64-linux-gnu/libnss_compat-2.23.so
7f63a716a000-7f63a7369000 ---p 00008000 fc:00 4325945                    /lib/x86_64-linux-gnu/libnss_compat-2.23.so
7f63a7369000-7f63a736a000 r--p 00007000 fc:00 4325945                    /lib/x86_64-linux-gnu/libnss_compat-2.23.so
7f63a736a000-7f63a736b000 rw-p 00008000 fc:00 4325945                    /lib/x86_64-linux-gnu/libnss_compat-2.23.so
7f63a736b000-7f63a7395000 r-xp 00000000 fc:00 4590499                    /usr/lib/jvm/java-8-oracle/jre/lib/amd64/libjava.so
7f63a7395000-7f63a7595000 ---p 0002a000 fc:00 4590499                    /usr/lib/jvm/java-8-oracle/jre/lib/amd64/libjava.so
7f63a7595000-7f63a7597000 rw-p 0002a000 fc:00 4590499                    /usr/lib/jvm/java-8-oracle/jre/lib/amd64/libjava.so
7f63a7597000-7f63a75a4000 r-xp 00000000 fc:00 4590453                    /usr/lib/jvm/java-8-oracle/jre/lib/amd64/libverify.so
7f63a75a4000-7f63a77a4000 ---p 0000d000 fc:00 4590453                    /usr/lib/jvm/java-8-oracle/jre/lib/amd64/libverify.so
7f63a77a4000-7f63a77a6000 rw-p 0000d000 fc:00 4590453                    /usr/lib/jvm/java-8-oracle/jre/lib/amd64/libverify.so
7f63a77a6000-7f63a77ad000 r-xp 00000000 fc:00 4325978                    /lib/x86_64-linux-gnu/librt-2.23.so
7f63a77ad000-7f63a79ac000 ---p 00007000 fc:00 4325978                    /lib/x86_64-linux-gnu/librt-2.23.so
7f63a79ac000-7f63a79ad000 r--p 00006000 fc:00 4325978                    /lib/x86_64-linux-gnu/librt-2.23.so
7f63a79ad000-7f63a79ae000 rw-p 00007000 fc:00 4325978                    /lib/x86_64-linux-gnu/librt-2.23.so
7f63a79ae000-7f63a7ab6000 r-xp 00000000 fc:00 4325926                    /lib/x86_64-linux-gnu/libm-2.23.so
7f63a7ab6000-7f63a7cb5000 ---p 00108000 fc:00 4325926                    /lib/x86_64-linux-gnu/libm-2.23.so
7f63a7cb5000-7f63a7cb6000 r--p 00107000 fc:00 4325926                    /lib/x86_64-linux-gnu/libm-2.23.so
7f63a7cb6000-7f63a7cb7000 rw-p 00108000 fc:00 4325926                    /lib/x86_64-linux-gnu/libm-2.23.so
7f63a7cb7000-7f63a8982000 r-xp 00000000 fc:00 4590503                    /usr/lib/jvm/java-8-oracle/jre/lib/amd64/server/libjvm.so
7f63a8982000-7f63a8b81000 ---p 00ccb000 fc:00 4590503                    /usr/lib/jvm/java-8-oracle/jre/lib/amd64/server/libjvm.so
7f63a8b81000-7f63a8c5a000 rw-p 00cca000 fc:00 4590503                    /usr/lib/jvm/java-8-oracle/jre/lib/amd64/server/libjvm.so
7f63a8c5a000-7f63a8ca5000 rw-p 00000000 00:00 0 
7f63a8ca5000-7f63a8e65000 r-xp 00000000 fc:00 4325885                    /lib/x86_64-linux-gnu/libc-2.23.so
7f63a8e65000-7f63a9064000 ---p 001c0000 fc:00 4325885                    /lib/x86_64-linux-gnu/libc-2.23.so
7f63a9064000-7f63a9068000 r--p 001bf000 fc:00 4325885                    /lib/x86_64-linux-gnu/libc-2.23.so
7f63a9068000-7f63a906a000 rw-p 001c3000 fc:00 4325885                    /lib/x86_64-linux-gnu/libc-2.23.so
7f63a906a000-7f63a906e000 rw-p 00000000 00:00 0 
7f63a906e000-7f63a9071000 r-xp 00000000 fc:00 4325899                    /lib/x86_64-linux-gnu/libdl-2.23.so
7f63a9071000-7f63a9270000 ---p 00003000 fc:00 4325899                    /lib/x86_64-linux-gnu/libdl-2.23.so
7f63a9270000-7f63a9271000 r--p 00002000 fc:00 4325899                    /lib/x86_64-linux-gnu/libdl-2.23.so
7f63a9271000-7f63a9272000 rw-p 00003000 fc:00 4325899                    /lib/x86_64-linux-gnu/libdl-2.23.so
7f63a9272000-7f63a9287000 r-xp 00000000 fc:00 3938530                    /usr/lib/jvm/java-8-oracle/lib/amd64/jli/libjli.so
7f63a9287000-7f63a9487000 ---p 00015000 fc:00 3938530                    /usr/lib/jvm/java-8-oracle/lib/amd64/jli/libjli.so
7f63a9487000-7f63a9488000 rw-p 00015000 fc:00 3938530                    /usr/lib/jvm/java-8-oracle/lib/amd64/jli/libjli.so
7f63a9488000-7f63a94a0000 r-xp 00000000 fc:00 4325972                    /lib/x86_64-linux-gnu/libpthread-2.23.so
7f63a94a0000-7f63a969f000 ---p 00018000 fc:00 4325972                    /lib/x86_64-linux-gnu/libpthread-2.23.so
7f63a969f000-7f63a96a0000 r--p 00017000 fc:00 4325972                    /lib/x86_64-linux-gnu/libpthread-2.23.so
7f63a96a0000-7f63a96a1000 rw-p 00018000 fc:00 4325972                    /lib/x86_64-linux-gnu/libpthread-2.23.so
7f63a96a1000-7f63a96a5000 rw-p 00000000 00:00 0 
7f63a96a5000-7f63a96cb000 r-xp 00000000 fc:00 4325861                    /lib/x86_64-linux-gnu/ld-2.23.so
7f63a96cb000-7f63a96d0000 r--s 00036000 fc:00 1050028                    /home/tiw/.m2/repository/org/apache/tomcat/embed/tomcat-embed-el/8.5.6/tomcat-embed-el-8.5.6.jar
7f63a96d0000-7f63a96d7000 r--s 00044000 fc:00 1049943                    /home/tiw/.m2/repository/ch/qos/logback/logback-classic/1.1.7/logback-classic-1.1.7.jar
7f63a96d7000-7f63a97b0000 rw-p 00000000 00:00 0 
7f63a97b0000-7f63a97b3000 ---p 00000000 00:00 0 
7f63a97b3000-7f63a98b5000 rw-p 00000000 00:00 0 
7f63a98b5000-7f63a98b6000 r--s 00000000 fc:00 1181162                    /home/tiw/.m2/repository/org/springframework/boot/spring-boot-starter-data-jpa/1.4.2.RELEASE/spring-boot-starter-data-jpa-1.4.2.RELEASE.jar
7f63a98b6000-7f63a98b7000 r--s 00000000 fc:00 1050018                    /home/tiw/.m2/repository/org/springframework/boot/spring-boot-starter-tomcat/1.4.2.RELEASE/spring-boot-starter-tomcat-1.4.2.RELEASE.jar
7f63a98b7000-7f63a98b9000 r--s 00004000 fc:00 1050014                    /home/tiw/.m2/repository/org/slf4j/log4j-over-slf4j/1.7.21/log4j-over-slf4j-1.7.21.jar
7f63a98b9000-7f63a98bb000 r--s 00000000 fc:00 1050010                    /home/tiw/.m2/repository/org/slf4j/jul-to-slf4j/1.7.21/jul-to-slf4j-1.7.21.jar
7f63a98bb000-7f63a98bc000 r--s 00000000 fc:00 1049940                    /home/tiw/.m2/repository/org/springframework/boot/spring-boot-starter-logging/1.4.2.RELEASE/spring-boot-starter-logging-1.4.2.RELEASE.jar
7f63a98bc000-7f63a98bd000 r--s 00000000 fc:00 1049930                    /home/tiw/.m2/repository/org/springframework/boot/spring-boot-starter/1.4.2.RELEASE/spring-boot-starter-1.4.2.RELEASE.jar
7f63a98bd000-7f63a98be000 r--s 00000000 fc:00 1049927                    /home/tiw/.m2/repository/org/springframework/boot/spring-boot-starter-web/1.4.2.RELEASE/spring-boot-starter-web-1.4.2.RELEASE.jar
7f63a98be000-7f63a98c6000 rw-s 00000000 fc:00 2098872                    /tmp/hsperfdata_tiw/26436
7f63a98c6000-7f63a98c7000 rw-p 00000000 00:00 0 
7f63a98c7000-7f63a98c8000 ---p 00000000 00:00 0 
7f63a98c8000-7f63a98ca000 rw-p 00000000 00:00 0 
7f63a98ca000-7f63a98cb000 r--p 00025000 fc:00 4325861                    /lib/x86_64-linux-gnu/ld-2.23.so
7f63a98cb000-7f63a98cc000 rw-p 00026000 fc:00 4325861                    /lib/x86_64-linux-gnu/ld-2.23.so
7f63a98cc000-7f63a98cd000 rw-p 00000000 00:00 0 
7ffd22ede000-7ffd22f00000 rw-p 00000000 00:00 0                          [stack]
7ffd22f7a000-7ffd22f7c000 r--p 00000000 00:00 0                          [vvar]
7ffd22f7c000-7ffd22f7e000 r-xp 00000000 00:00 0                          [vdso]
ffffffffff600000-ffffffffff601000 r-xp 00000000 00:00 0                  [vsyscall]

VM Arguments:
jvm_args: -Dcom.sun.management.jmxremote -Dcom.sun.management.jmxremote.port=43084 -Dcom.sun.management.jmxremote.authenticate=false -Dcom.sun.management.jmxremote.ssl=false -Dspring.liveBeansView.mbeanDomain -Dspring.application.admin.enabled=true -Djava.security.egd=file:/dev/./urandom -Dfile.encoding=UTF-8 
java_command: es.uc3m.tiw.CatalogApplication --spring.output.ansi.enabled=always
java_class_path (initial): /home/tiw/Desktop/microTIW/Catalog/target/classes:/home/tiw/.m2/repository/org/springframework/boot/spring-boot-starter-web/1.4.2.RELEASE/spring-boot-starter-web-1.4.2.RELEASE.jar:/home/tiw/.m2/repository/org/springframework/boot/spring-boot-starter/1.4.2.RELEASE/spring-boot-starter-1.4.2.RELEASE.jar:/home/tiw/.m2/repository/org/springframework/boot/spring-boot/1.4.2.RELEASE/spring-boot-1.4.2.RELEASE.jar:/home/tiw/.m2/repository/org/springframework/boot/spring-boot-autoconfigure/1.4.2.RELEASE/spring-boot-autoconfigure-1.4.2.RELEASE.jar:/home/tiw/.m2/repository/org/springframework/boot/spring-boot-starter-logging/1.4.2.RELEASE/spring-boot-starter-logging-1.4.2.RELEASE.jar:/home/tiw/.m2/repository/ch/qos/logback/logback-classic/1.1.7/logback-classic-1.1.7.jar:/home/tiw/.m2/repository/ch/qos/logback/logback-core/1.1.7/logback-core-1.1.7.jar:/home/tiw/.m2/repository/org/slf4j/jul-to-slf4j/1.7.21/jul-to-slf4j-1.7.21.jar:/home/tiw/.m2/repository/org/slf4j/log4j-over-slf4j/1.7.21/log4j-over-slf4j-1.7.21.jar:/home/tiw/.m2/repository/org/yaml/snakeyaml/1.17/snakeyaml-1.17.jar:/home/tiw/.m2/repository/org/springframework/boot/spring-boot-starter-tomcat/1.4.2.RELEASE/spring-boot-starter-tomcat-1.4.2.RELEASE.jar:/home/tiw/.m2/repository/org/apache/tomcat/embed/tomcat-embed-core/8.5.6/tomcat-embed-core-8.5.6.jar:/home/tiw/.m2/repository/org/apache/tomcat/embed/tomcat-embed-el/8.5.6/tomcat-embed-el-8.5.6.jar:/home/tiw/.m2/repository/org/apache/tomcat/embed/tomcat-embed-websocket/8.5.6/tomcat-embed-websocket-8.5.6.jar:/home/tiw/.m2/repository/org/hibernate/hibernate-validator/5.2.4.Final/hibernate-validator-5.2.4.Final.jar:/home/tiw/.m2/repository/javax/validation/validation-api/1.1.0.Final/validation-api-1.1.0.Final.jar:/home/tiw/.m2/repository/org/jboss/logging/jboss-logging/3.3.0.Final/jboss-logging-3.3.0.Final.jar:/home/tiw/.m2/repository/com/fasterxml/classmate/1.3.3/classmate-1.3.3.jar:/home/tiw/.m2/repository/com/fasterxml/jackson/core/jackson-d
Launcher Type: SUN_STANDARD

Environment Variables:
JAVA_HOME=/usr/lib/jvm/java-8-oracle
PATH=/home/tiw/bin:/home/tiw/.local/bin:/usr/local/sbin:/usr/local/bin:/usr/sbin:/usr/bin:/sbin:/bin:/usr/games:/usr/local/games:/snap/bin:/usr/lib/jvm/java-8-oracle/bin:/usr/lib/jvm/java-8-oracle/db/bin:/usr/lib/jvm/java-8-oracle/jre/bin
SHELL=/bin/bash
DISPLAY=:0.0

Signal Handlers:
SIGSEGV: [libjvm.so+0xac4790], sa_mask[0]=11111111011111111101111111111110, sa_flags=SA_RESTART|SA_SIGINFO
SIGBUS: [libjvm.so+0xac4790], sa_mask[0]=11111111011111111101111111111110, sa_flags=SA_RESTART|SA_SIGINFO
SIGFPE: [libjvm.so+0x91f140], sa_mask[0]=11111111011111111101111111111110, sa_flags=SA_RESTART|SA_SIGINFO
SIGPIPE: [libjvm.so+0x91f140], sa_mask[0]=11111111011111111101111111111110, sa_flags=SA_RESTART|SA_SIGINFO
SIGXFSZ: [libjvm.so+0x91f140], sa_mask[0]=11111111011111111101111111111110, sa_flags=SA_RESTART|SA_SIGINFO
SIGILL: [libjvm.so+0x91f140], sa_mask[0]=11111111011111111101111111111110, sa_flags=SA_RESTART|SA_SIGINFO
SIGUSR1: SIG_DFL, sa_mask[0]=00000000000000000000000000000000, sa_flags=none
SIGUSR2: [libjvm.so+0x920770], sa_mask[0]=00100000000000000000000000000000, sa_flags=SA_RESTART|SA_SIGINFO
SIGHUP: [libjvm.so+0x921b70], sa_mask[0]=11111111011111111101111111111110, sa_flags=SA_RESTART|SA_SIGINFO
SIGINT: [libjvm.so+0x921b70], sa_mask[0]=11111111011111111101111111111110, sa_flags=SA_RESTART|SA_SIGINFO
SIGTERM: [libjvm.so+0x921b70], sa_mask[0]=11111111011111111101111111111110, sa_flags=SA_RESTART|SA_SIGINFO
SIGQUIT: [libjvm.so+0x921b70], sa_mask[0]=11111111011111111101111111111110, sa_flags=SA_RESTART|SA_SIGINFO


---------------  S Y S T E M  ---------------

OS:DISTRIB_ID=Ubuntu
DISTRIB_RELEASE=16.04
DISTRIB_CODENAME=xenial
DISTRIB_DESCRIPTION="Ubuntu 16.04.1 LTS"

uname:Linux 4.4.0-31-generic #50-Ubuntu SMP Wed Jul 13 00:07:12 UTC 2016 x86_64
libc:glibc 2.23 NPTL 2.23 
rlimit: STACK 8192k, CORE 0k, NPROC 15652, NOFILE 65536, AS infinity
load average:4.33 1.63 1.10

/proc/meminfo:
MemTotal:        4046652 kB
MemFree:          106640 kB
MemAvailable:       5168 kB
Buffers:             256 kB
Cached:            26860 kB
SwapCached:         1996 kB
Active:          3006964 kB
Inactive:         791068 kB
Active(anon):    3004632 kB
Inactive(anon):   780916 kB
Active(file):       2332 kB
Inactive(file):    10152 kB
Unevictable:          32 kB
Mlocked:              32 kB
SwapTotal:       2097148 kB
SwapFree:              0 kB
Dirty:                32 kB
Writeback:             0 kB
AnonPages:       3770204 kB
Mapped:            21416 kB
Shmem:             14496 kB
Slab:              52148 kB
SReclaimable:      21872 kB
SUnreclaim:        30276 kB
KernelStack:       10048 kB
PageTables:        55712 kB
NFS_Unstable:          0 kB
Bounce:                0 kB
WritebackTmp:          0 kB
CommitLimit:     4120472 kB
Committed_AS:    9044032 kB
VmallocTotal:   34359738367 kB
VmallocUsed:           0 kB
VmallocChunk:          0 kB
HardwareCorrupted:     0 kB
AnonHugePages:   2334720 kB
CmaTotal:              0 kB
CmaFree:               0 kB
HugePages_Total:       0
HugePages_Free:        0
HugePages_Rsvd:        0
HugePages_Surp:        0
Hugepagesize:       2048 kB
DirectMap4k:      135104 kB
DirectMap2M:     4059136 kB


CPU:total 2 (2 cores per cpu, 1 threads per core) family 6 model 61 stepping 4, cmov, cx8, fxsr, mmx, sse, sse2, sse3, ssse3, sse4.1, sse4.2, popcnt, avx, aes, clmul, 3dnowpref, lzcnt, tsc, tscinvbit

/proc/cpuinfo:
processor	: 0
vendor_id	: GenuineIntel
cpu family	: 6
model		: 61
model name	: Intel(R) Core(TM) i7-5500U CPU @ 2.40GHz
stepping	: 4
cpu MHz		: 2396.534
cache size	: 4096 KB
physical id	: 0
siblings	: 2
core id		: 0
cpu cores	: 2
apicid		: 0
initial apicid	: 0
fpu		: yes
fpu_exception	: yes
cpuid level	: 20
wp		: yes
flags		: fpu vme de pse tsc msr pae mce cx8 apic sep mtrr pge mca cmov pat pse36 clflush mmx fxsr sse sse2 ht syscall nx rdtscp lm constant_tsc rep_good nopl xtopology nonstop_tsc pni pclmulqdq ssse3 cx16 sse4_1 sse4_2 movbe popcnt aes xsave avx rdrand hypervisor lahf_lm abm 3dnowprefetch rdseed
bugs		:
bogomips	: 4793.06
clflush size	: 64
cache_alignment	: 64
address sizes	: 39 bits physical, 48 bits virtual
power management:

processor	: 1
vendor_id	: GenuineIntel
cpu family	: 6
model		: 61
model name	: Intel(R) Core(TM) i7-5500U CPU @ 2.40GHz
stepping	: 4
cpu MHz		: 2396.534
cache size	: 4096 KB
physical id	: 0
siblings	: 2
core id		: 1
cpu cores	: 2
apicid		: 1
initial apicid	: 1
fpu		: yes
fpu_exception	: yes
cpuid level	: 20
wp		: yes
flags		: fpu vme de pse tsc msr pae mce cx8 apic sep mtrr pge mca cmov pat pse36 clflush mmx fxsr sse sse2 ht syscall nx rdtscp lm constant_tsc rep_good nopl xtopology nonstop_tsc pni pclmulqdq ssse3 cx16 sse4_1 sse4_2 movbe popcnt aes xsave avx rdrand hypervisor lahf_lm abm 3dnowprefetch rdseed
bugs		:
bogomips	: 4793.06
clflush size	: 64
cache_alignment	: 64
address sizes	: 39 bits physical, 48 bits virtual
power management:



Memory: 4k page, physical 4046652k(105152k free), swap 2097148k(0k free)

vm_info: Java HotSpot(TM) 64-Bit Server VM (25.101-b13) for linux-amd64 JRE (1.8.0_101-b13), built on Jun 22 2016 02:59:44 by "java_re" with gcc 4.3.0 20080428 (Red Hat 4.3.0-8)

time: Wed Dec  7 03:59:47 2016
elapsed time: 48 seconds (0d 0h 0m 48s)

